<?xml version="1.0" encoding="UTF-8"?>
<!-- Generated by org.testng.reporters.JUnitXMLReporter -->
<testsuite ignored="0" hostname="bcedbeeced305296129dffcbbfbdaaftwo-0" failures="3" tests="3" name="Surefire test" time="12.263" errors="0" timestamp="2023-09-21T11:15:18 UTC">
  <testcase classname="runner.Testcase1" name="TC_001" time="1.126">
    <failure type="java.lang.Error" message="Unresolved compilation problems: 
	The import utils.ReadPropertyFile cannot be resolved
	The import utils.ExcelReader cannot be resolved
	The import utils.LoggerHandler cannot be resolved
	The import utils.Screenshot cannot be resolved
	The import utils.ExcelReader cannot be resolved
	The import utils.Reporter cannot be resolved
	The import utils.LoggerHandler cannot be resolved
	ExcelReader cannot be resolved to a type
	LoggerHandler cannot be resolved
	ExcelReader cannot be resolved to a type
	ExcelReader cannot be resolved to a type
	Reporter cannot be resolved to a type
	Reporter cannot be resolved to a type
	ReadPropertyFile cannot be resolved to a type
	ReadPropertyFile cannot be resolved to a type
	ReadPropertyFile cannot be resolved to a type
	ExcelReader cannot be resolved to a type
	ExcelReader cannot be resolved to a type
	ExcelReader cannot be resolved to a type
	Reporter cannot be resolved
	Screenshot cannot be resolved
	LoggerHandler cannot be resolved
	LoggerHandler cannot be resolved
	LoggerHandler cannot be resolved
	LoggerHandler cannot be resolved
	LoggerHandler cannot be resolved
	LoggerHandler cannot be resolved
	LoggerHandler cannot be resolved
	LoggerHandler cannot be resolved
	LoggerHandler cannot be resolved
	Reporter cannot be resolved
	Reporter cannot be resolved
	Reporter cannot be resolved
	Reporter cannot be resolved
">
      <![CDATA[java.lang.Error: Unresolved compilation problems: 
The import utils.ReadPropertyFile cannot be resolved
The import utils.ExcelReader cannot be resolved
The import utils.LoggerHandler cannot be resolved
The import utils.Screenshot cannot be resolved
The import utils.ExcelReader cannot be resolved
The import utils.Reporter cannot be resolved
The import utils.LoggerHandler cannot be resolved
ExcelReader cannot be resolved to a type
LoggerHandler cannot be resolved
ExcelReader cannot be resolved to a type
ExcelReader cannot be resolved to a type
Reporter cannot be resolved to a type
Reporter cannot be resolved to a type
ReadPropertyFile cannot be resolved to a type
ReadPropertyFile cannot be resolved to a type
ReadPropertyFile cannot be resolved to a type
ExcelReader cannot be resolved to a type
ExcelReader cannot be resolved to a type
ExcelReader cannot be resolved to a type
Reporter cannot be resolved
Screenshot cannot be resolved
LoggerHandler cannot be resolved
LoggerHandler cannot be resolved
LoggerHandler cannot be resolved
LoggerHandler cannot be resolved
LoggerHandler cannot be resolved
LoggerHandler cannot be resolved
LoggerHandler cannot be resolved
LoggerHandler cannot be resolved
LoggerHandler cannot be resolved
Reporter cannot be resolved
Reporter cannot be resolved
Reporter cannot be resolved
Reporter cannot be resolved

at pages.homepage.<init>(homepage.java:19)
at runner.Testcase1.TC_001(Testcase1.java:34)
at java.base/java.util.ArrayList.forEach(ArrayList.java:1541)
... Removed 32 stack frames]]>
    </failure>
  </testcase> <!-- TC_001 -->
  <testcase classname="runner.Testcase3" name="TC_003" time="0.995">
    <failure type="java.lang.Error" message="Unresolved compilation problems: 
	The import utils.ReadPropertyFile cannot be resolved
	The import utils.ExcelReader cannot be resolved
	The import utils.LoggerHandler cannot be resolved
	The import utils.Screenshot cannot be resolved
	The import utils.ExcelReader cannot be resolved
	The import utils.Reporter cannot be resolved
	The import utils.LoggerHandler cannot be resolved
	ExcelReader cannot be resolved to a type
	LoggerHandler cannot be resolved
	ExcelReader cannot be resolved to a type
	ExcelReader cannot be resolved to a type
	Reporter cannot be resolved to a type
	Reporter cannot be resolved to a type
	ReadPropertyFile cannot be resolved to a type
	ReadPropertyFile cannot be resolved to a type
	ReadPropertyFile cannot be resolved to a type
	ExcelReader cannot be resolved to a type
	ExcelReader cannot be resolved to a type
	ExcelReader cannot be resolved to a type
	Reporter cannot be resolved
	Screenshot cannot be resolved
	LoggerHandler cannot be resolved
	LoggerHandler cannot be resolved
	LoggerHandler cannot be resolved
	LoggerHandler cannot be resolved
	LoggerHandler cannot be resolved
	LoggerHandler cannot be resolved
	LoggerHandler cannot be resolved
	LoggerHandler cannot be resolved
	LoggerHandler cannot be resolved
	Reporter cannot be resolved
	Reporter cannot be resolved
	Reporter cannot be resolved
	Reporter cannot be resolved
">
      <![CDATA[java.lang.Error: Unresolved compilation problems: 
The import utils.ReadPropertyFile cannot be resolved
The import utils.ExcelReader cannot be resolved
The import utils.LoggerHandler cannot be resolved
The import utils.Screenshot cannot be resolved
The import utils.ExcelReader cannot be resolved
The import utils.Reporter cannot be resolved
The import utils.LoggerHandler cannot be resolved
ExcelReader cannot be resolved to a type
LoggerHandler cannot be resolved
ExcelReader cannot be resolved to a type
ExcelReader cannot be resolved to a type
Reporter cannot be resolved to a type
Reporter cannot be resolved to a type
ReadPropertyFile cannot be resolved to a type
ReadPropertyFile cannot be resolved to a type
ReadPropertyFile cannot be resolved to a type
ExcelReader cannot be resolved to a type
ExcelReader cannot be resolved to a type
ExcelReader cannot be resolved to a type
Reporter cannot be resolved
Screenshot cannot be resolved
LoggerHandler cannot be resolved
LoggerHandler cannot be resolved
LoggerHandler cannot be resolved
LoggerHandler cannot be resolved
LoggerHandler cannot be resolved
LoggerHandler cannot be resolved
LoggerHandler cannot be resolved
LoggerHandler cannot be resolved
LoggerHandler cannot be resolved
Reporter cannot be resolved
Reporter cannot be resolved
Reporter cannot be resolved
Reporter cannot be resolved

at pages.homepage.<init>(homepage.java:19)
at runner.Testcase3.TC_003(Testcase3.java:33)
at java.base/java.util.ArrayList.forEach(ArrayList.java:1541)
... Removed 32 stack frames]]>
    </failure>
  </testcase> <!-- TC_003 -->
  <testcase classname="runner.Testcase2" name="TC_002" time="0.968">
    <failure type="java.lang.Error" message="Unresolved compilation problems: 
	The import utils.ReadPropertyFile cannot be resolved
	The import utils.ExcelReader cannot be resolved
	The import utils.LoggerHandler cannot be resolved
	The import utils.Screenshot cannot be resolved
	The import utils.ExcelReader cannot be resolved
	The import utils.Reporter cannot be resolved
	The import utils.LoggerHandler cannot be resolved
	ExcelReader cannot be resolved to a type
	LoggerHandler cannot be resolved
	ExcelReader cannot be resolved to a type
	ExcelReader cannot be resolved to a type
	Reporter cannot be resolved to a type
	Reporter cannot be resolved to a type
	ReadPropertyFile cannot be resolved to a type
	ReadPropertyFile cannot be resolved to a type
	ReadPropertyFile cannot be resolved to a type
	ExcelReader cannot be resolved to a type
	ExcelReader cannot be resolved to a type
	ExcelReader cannot be resolved to a type
	Reporter cannot be resolved
	Screenshot cannot be resolved
	LoggerHandler cannot be resolved
	LoggerHandler cannot be resolved
	LoggerHandler cannot be resolved
	LoggerHandler cannot be resolved
	LoggerHandler cannot be resolved
	LoggerHandler cannot be resolved
	LoggerHandler cannot be resolved
	LoggerHandler cannot be resolved
	LoggerHandler cannot be resolved
	Reporter cannot be resolved
	Reporter cannot be resolved
	Reporter cannot be resolved
	Reporter cannot be resolved
">
      <![CDATA[java.lang.Error: Unresolved compilation problems: 
The import utils.ReadPropertyFile cannot be resolved
The import utils.ExcelReader cannot be resolved
The import utils.LoggerHandler cannot be resolved
The import utils.Screenshot cannot be resolved
The import utils.ExcelReader cannot be resolved
The import utils.Reporter cannot be resolved
The import utils.LoggerHandler cannot be resolved
ExcelReader cannot be resolved to a type
LoggerHandler cannot be resolved
ExcelReader cannot be resolved to a type
ExcelReader cannot be resolved to a type
Reporter cannot be resolved to a type
Reporter cannot be resolved to a type
ReadPropertyFile cannot be resolved to a type
ReadPropertyFile cannot be resolved to a type
ReadPropertyFile cannot be resolved to a type
ExcelReader cannot be resolved to a type
ExcelReader cannot be resolved to a type
ExcelReader cannot be resolved to a type
Reporter cannot be resolved
Screenshot cannot be resolved
LoggerHandler cannot be resolved
LoggerHandler cannot be resolved
LoggerHandler cannot be resolved
LoggerHandler cannot be resolved
LoggerHandler cannot be resolved
LoggerHandler cannot be resolved
LoggerHandler cannot be resolved
LoggerHandler cannot be resolved
LoggerHandler cannot be resolved
Reporter cannot be resolved
Reporter cannot be resolved
Reporter cannot be resolved
Reporter cannot be resolved

at pages.homepage.<init>(homepage.java:19)
at runner.Testcase2.TC_002(Testcase2.java:30)
at java.base/java.util.ArrayList.forEach(ArrayList.java:1541)
... Removed 32 stack frames]]>
    </failure>
  </testcase> <!-- TC_002 -->
</testsuite> <!-- Surefire test -->
